<?xml version="1.0" encoding="UTF-8"?>
<testng-results skipped="0" failed="0" ignored="0" total="1" passed="1">
  <reporter-output>
  </reporter-output>
  <suite name="Default suite" duration-ms="91051" started-at="2020-06-16T17:57:45 IST" finished-at="2020-06-16T17:59:16 IST">
    <groups>
    </groups>
    <test name="Default test" duration-ms="91051" started-at="2020-06-16T17:57:45 IST" finished-at="2020-06-16T17:59:16 IST">
      <class name="com.cleartrip.BookTicketsOneWay">
        <test-method status="PASS" signature="startTest()[pri:0, instance:com.cleartrip.BookTicketsOneWay@3e77a1ed]" name="startTest" is-config="true" duration-ms="187" started-at="2020-06-16T17:57:45 IST" finished-at="2020-06-16T17:57:45 IST">
          <reporter-output>
          </reporter-output>
        </test-method> <!-- startTest -->
        <test-method status="PASS" signature="beforeClass()[pri:0, instance:com.cleartrip.BookTicketsOneWay@3e77a1ed]" name="beforeClass" is-config="true" duration-ms="4427" started-at="2020-06-16T17:57:45 IST" finished-at="2020-06-16T17:57:50 IST">
          <reporter-output>
          </reporter-output>
        </test-method> <!-- beforeClass -->
        <test-method status="PASS" signature="flightsFromHydToMumbai()[pri:0, instance:com.cleartrip.BookTicketsOneWay@3e77a1ed]" name="flightsFromHydToMumbai" duration-ms="84802" started-at="2020-06-16T17:57:50 IST" finished-at="2020-06-16T17:59:15 IST">
          <reporter-output>
          </reporter-output>
        </test-method> <!-- flightsFromHydToMumbai -->
        <test-method status="PASS" signature="afterClass(org.testng.ITestResult)[pri:0, instance:com.cleartrip.BookTicketsOneWay@3e77a1ed]" name="afterClass" is-config="true" duration-ms="1246" started-at="2020-06-16T17:59:15 IST" finished-at="2020-06-16T17:59:16 IST">
          <params>
            <param index="0">
              <value>
                <![CDATA[[TestResult name=flightsFromHydToMumbai status=SUCCESS method=BookTicketsOneWay.flightsFromHydToMumbai()[pri:0, instance:com.cleartrip.BookTicketsOneWay@3e77a1ed] output={null}]]]>
              </value>
            </param>
          </params>
          <reporter-output>
          </reporter-output>
        </test-method> <!-- afterClass -->
        <test-method status="PASS" signature="endReport()[pri:0, instance:com.cleartrip.BookTicketsOneWay@3e77a1ed]" name="endReport" is-config="true" duration-ms="331" started-at="2020-06-16T17:59:16 IST" finished-at="2020-06-16T17:59:16 IST">
          <reporter-output>
          </reporter-output>
        </test-method> <!-- endReport -->
      </class> <!-- com.cleartrip.BookTicketsOneWay -->
    </test> <!-- Default test -->
  </suite> <!-- Default suite -->
</testng-results>
